Arguments: 
  /home/luoschenfeng/.nvm/versions/node/v14.8.0/bin/node /usr/share/yarn/bin/yarn.js add acon -d

PATH: 
  /home/luoschenfeng/.vscode-server/bin/e7d7e9a9348e6a8cc8c03f877d39cb72e5dfb1ff/bin:/home/luoschenfeng/.nvm/versions/node/v14.8.0/bin:/home/luoschenfeng/.local/bin:/usr/local/sbin:/usr/local/bin:/usr/sbin:/usr/bin:/sbin:/bin:/usr/games:/usr/local/games:/mnt/c/WINDOWS/system32:/mnt/c/WINDOWS:/mnt/c/WINDOWS/System32/Wbem:/mnt/c/WINDOWS/System32/WindowsPowerShell/v1.0/:/mnt/c/WINDOWS/System32/OpenSSH/:/mnt/d/program/Git/cmd:/mnt/d/program/TortoiseSVN/bin:/mnt/d/program/sass/bin:/mnt/c/Users/woyao/AppData/Local/Microsoft/WindowsApps:/mnt/d/program/Microsoft VS Code/bin:/snap/bin

Yarn version: 
  1.22.4

Node version: 
  14.8.0

Platform: 
  linux x64

Trace: 
  Error: connect ECONNREFUSED 104.16.16.35:443
      at TCPConnectWrap.afterConnect [as oncomplete] (net.js:1144:16)

npm manifest: 
  {
    "devDependencies": {
      "colorette": "^2.0.10"
    },
    "scripts": {
        "build": "node ./builder/index.js"
    }
  }

yarn manifest: 
  No manifest

Lockfile: 
  # THIS IS AN AUTOGENERATED FILE. DO NOT EDIT THIS FILE DIRECTLY.
  # yarn lockfile v1
  
  
  colorette@^2.0.10:
    version "2.0.10"
    resolved "https://registry.yarnpkg.com/colorette/-/colorette-2.0.10.tgz#0cc871faead8b07227c9ad784f27a0d71f3794e2"
    integrity sha512-tQ7Prvd+zU6EUsQVXJNqxJUZdZ4btI34jlp/W1N/bNyWsY55dxe2oSg+ss3COV4vKbWLVlwLJt5xMSCuZ3R4og==
